Plugins:
Bundled analyzers:
  - JaCoCo 1.3.0.1538 (jacoco)
  - IaC Code Quality and Security 1.36.0.12431 (iac)
  - Text Code Quality and Security 2.16.0.4008 (text)
  - Clean as You Code 2.4.0.2018 (cayc)
  - XML Code Quality and Security 2.10.0.4108 (xml)
Global server settings:
  - sonar.azureresourcemanager.file.suffixes=.bicep
  - sonar.core.id=243B8A4D-AZKJ_bexJveRPC-3BcbC
  - sonar.core.startTime=2024-10-14T07:45:54+0000
  - sonar.cs.file.suffixes=.cs,.razor
  - sonar.css.file.suffixes=.css,.less,.scss,.sass
  - sonar.docker.file.patterns=Dockerfile,*.dockerfile
  - sonar.flex.file.suffixes=as
  - sonar.forceAuthentication=true
  - sonar.go.file.suffixes=.go
  - sonar.html.file.suffixes=.html,.xhtml,.cshtml,.vbhtml,.aspx,.ascx,.rhtml,.erb,.shtm,.shtml,.cmp,.twig
  - sonar.ipynb.file.suffixes=ipynb
  - sonar.java.file.suffixes=.java,.jav
  - sonar.java.jvmframeworkconfig.file.patterns=**/src/main/resources/**/application*.properties,**/src/main/resources/**/application*.yaml,**/src/main/resources/**/application*.yml
  - sonar.javascript.file.suffixes=.js,.jsx,.cjs,.mjs,.vue
  - sonar.json.file.suffixes=.json
  - sonar.jsp.file.suffixes=.jsp,.jspf,.jspx
  - sonar.kotlin.file.suffixes=.kt,.kts
  - sonar.php.file.suffixes=php,php3,php4,php5,phtml,inc
  - sonar.python.file.suffixes=py
  - sonar.qualityProfiles.allowDisableInheritedRules=true
  - sonar.ruby.file.suffixes=.rb
  - sonar.scala.file.suffixes=.scala
  - sonar.terraform.file.suffixes=.tf
  - sonar.typescript.file.suffixes=.ts,.tsx,.cts,.mts
  - sonar.vbnet.file.suffixes=.vb
  - sonar.xml.file.suffixes=.xml,.xsd,.xsl,.config
  - sonar.yaml.file.suffixes=.yaml,.yml
Project server settings:
  - sonar.azureresourcemanager.file.suffixes=.bicep
  - sonar.cs.file.suffixes=.cs,.razor
  - sonar.css.file.suffixes=.css,.less,.scss,.sass
  - sonar.docker.file.patterns=Dockerfile,*.dockerfile
  - sonar.flex.file.suffixes=as
  - sonar.go.file.suffixes=.go
  - sonar.html.file.suffixes=.html,.xhtml,.cshtml,.vbhtml,.aspx,.ascx,.rhtml,.erb,.shtm,.shtml,.cmp,.twig
  - sonar.ipynb.file.suffixes=ipynb
  - sonar.java.file.suffixes=.java,.jav
  - sonar.java.jvmframeworkconfig.file.patterns=**/src/main/resources/**/application*.properties,**/src/main/resources/**/application*.yaml,**/src/main/resources/**/application*.yml
  - sonar.javascript.file.suffixes=.js,.jsx,.cjs,.mjs,.vue
  - sonar.json.file.suffixes=.json
  - sonar.jsp.file.suffixes=.jsp,.jspf,.jspx
  - sonar.kotlin.file.suffixes=.kt,.kts
  - sonar.php.file.suffixes=php,php3,php4,php5,phtml,inc
  - sonar.python.file.suffixes=py
  - sonar.ruby.file.suffixes=.rb
  - sonar.scala.file.suffixes=.scala
  - sonar.terraform.file.suffixes=.tf
  - sonar.typescript.file.suffixes=.ts,.tsx,.cts,.mts
  - sonar.vbnet.file.suffixes=.vb
  - sonar.xml.file.suffixes=.xml,.xsd,.xsl,.config
  - sonar.yaml.file.suffixes=.yaml,.yml
Project scanner properties:
  - sonar.coverage.exclusions=src/assets/**/*, src/**/*.spec.ts, src/**/*.d.ts, src/styles/**/*, **/*.module.ts, src/main.ts, src/main.*.ts, src/**/environment*.ts
  - sonar.coverage.minimum=75
  - sonar.cpd.exclusions=src/assets/**/*, src/**/*.spec.ts, src/**/*.d.ts, src/styles/**/*, **/*.module.ts, src/main.ts, src/main.*.ts, src/**/environment*.ts
  - sonar.dependencyCheck.htmlReportPath=target/owasp/dependency-check-report.html
  - sonar.dependencyCheck.jsonReportPath=target/owasp/dependency-check-report.json
  - sonar.exclusions=src/assets/**/*, src/styles/**/*
  - sonar.host.url=http://localhost:9000
  - sonar.inclusions=**/*.ts
  - sonar.javascript.forceZeroCoverage=false
  - sonar.javascript.lcov.reportPaths=coverage/lcov.info
  - sonar.projectBaseDir=/Users/mac/Desktop/sama-gp/projets/videko-ihm
  - sonar.projectKey=videko-ihm
  - sonar.projectName=videko-ihm
  - sonar.projectVersion=0.0.0
  - sonar.qualitygate.wait=true
  - sonar.scanner.apiBaseUrl=http://localhost:9000/api/v2
  - sonar.scanner.app=ScannerNpm
  - sonar.scanner.appVersion=4.2.3
  - sonar.scanner.arch=x64
  - sonar.scanner.bootstrapStartTime=1728892799037
  - sonar.scanner.internal.isSonarCloud=false
  - sonar.scanner.os=darwin
  - sonar.scanner.wasEngineCacheHit=true
  - sonar.scanner.wasJreCacheHit=hit
  - sonar.sources=src
  - sonar.token=******
  - sonar.typescript.lcov.reportPaths=coverage/lcov.info
  - sonar.userHome=/Users/mac/.sonar
